<?xml version="1.0" encoding="UTF-8"?>
<!-- Generated by org.testng.reporters.JUnitReportReporter -->
<testsuite skipped="0" hostname="DESKTOP-RONNOAJ" name="maven.Abbas" tests="1" failures="0" timestamp="18 Feb 2020 11:35:13 GMT" time="12.374" errors="0">
  <testcase name="test3" time="12.374" classname="maven.Abbas"/>
</testsuite> <!-- maven.Abbas -->
